<?xml version="1.0" encoding="UTF-8"?>
<!-- Generated by org.testng.reporters.JUnitXMLReporter -->
<testsuite hostname="NODTBSL453AG" ignored="2" name="Sanity Test cases" tests="12" failures="2" timestamp="12 May 2017 06:54:16 GMT" time="499.837" errors="0">
  <testcase name="interstialScreen" time="7.018" classname="com.mb.brc.tests.LoginAndRegistrationTest"/>
  <testcase name="login" time="38.085" classname="com.mb.brc.tests.LoginAndRegistrationTest"/>
  <testcase name="coachMark" time="9.67" classname="com.mb.brc.tests.LoginAndRegistrationTest"/>
  <testcase name="Board" time="22.479" classname="com.mb.brc.tests.LoginAndRegistrationTest"/>
  <testcase name="BoardContent" time="66.424" classname="com.mb.brc.tests.LoginAndRegistrationTest"/>
  <testcase name="PostPropertyRequirement" time="78.666" classname="com.mb.brc.tests.LoginAndRegistrationTest">
    <failure type="atu.testng.reports.exceptions.ATUReporterStepFailedException">
      <![CDATA[[ATU Custom Reporter Step Failed Exception]
	at atu.testng.reports.ATUReports.stepFailureHandler(Unknown Source)
	at atu.testng.reports.ATUReports.add(Unknown Source)
	at com.mb.brc.modules.PostPropertyRequirement.postProperty(PostPropertyRequirement.java:163)
	at com.mb.brc.tests.LoginAndRegistrationTest.PostPropertyRequirement(LoginAndRegistrationTest.java:177)
	at java.util.concurrent.FutureTask.run(Unknown Source)
	at java.util.concurrent.ThreadPoolExecutor.runWorker(Unknown Source)
	at java.util.concurrent.ThreadPoolExecutor$Worker.run(Unknown Source)
	at java.lang.Thread.run(Unknown Source)
... Removed 16 stack frames]]>
    </failure>
  </testcase> <!-- PostPropertyRequirement -->
  <testcase name="postRequirement" time="51.841" classname="com.mb.brc.tests.LoginAndRegistrationTest"/>
  <testcase name="postUpdate" time="37.816" classname="com.mb.brc.tests.LoginAndRegistrationTest">
    <failure type="atu.testng.reports.exceptions.ATUReporterStepFailedException">
      <![CDATA[[ATU Custom Reporter Step Failed Exception]
	at atu.testng.reports.ATUReports.stepFailureHandler(Unknown Source)
	at atu.testng.reports.ATUReports.add(Unknown Source)
	at com.mb.brc.modules.PostPropertyRequirement.postUpdate(PostPropertyRequirement.java:247)
	at com.mb.brc.tests.LoginAndRegistrationTest.postUpdate(LoginAndRegistrationTest.java:199)
	at java.util.concurrent.FutureTask.run(Unknown Source)
	at java.util.concurrent.ThreadPoolExecutor.runWorker(Unknown Source)
	at java.util.concurrent.ThreadPoolExecutor$Worker.run(Unknown Source)
	at java.lang.Thread.run(Unknown Source)
... Removed 16 stack frames]]>
    </failure>
  </testcase> <!-- postUpdate -->
  <testcase name="exclusive" time="6.309" classname="com.mb.brc.tests.LoginAndRegistrationTest"/>
  <testcase name="shorlist" time="15.273" classname="com.mb.brc.tests.LoginAndRegistrationTest"/>
  <testcase name="MyPost" time="27.483" classname="com.mb.brc.tests.LoginAndRegistrationTest"/>
  <testcase name="MyPostContent" time="138.469" classname="com.mb.brc.tests.LoginAndRegistrationTest"/>
  <testcase name="@BeforeSuite LaunchApp" time="0.0" classname="com.mb.brc.tests.launch">
    <ignored/>
  </testcase> <!-- @BeforeSuite LaunchApp -->
  <testcase name="Registration" time="0.0" classname="com.mb.brc.tests.LoginAndRegistrationTest">
    <ignored/>
  </testcase> <!-- Registration -->
</testsuite> <!-- Sanity Test cases -->
