<?xml version="1.0" encoding="UTF-8"?>
<testng-results skipped="0" failed="2" ignored="2" total="14" passed="10">
  <reporter-output>
    <line>
      <![CDATA[STEP1]]>
    </line>
    <line>
      <![CDATA[STEP2]]>
    </line>
    <line>
      <![CDATA[STEP3]]>
    </line>
    <line>
      <![CDATA[STEP4]]>
    </line>
    <line>
      <![CDATA[STEP5]]>
    </line>
    <line>
      <![CDATA[STEP6]]>
    </line>
    <line>
      <![CDATA[STEP7]]>
    </line>
    <line>
      <![CDATA[STEP8]]>
    </line>
    <line>
      <![CDATA[STEP9]]>
    </line>
    <line>
      <![CDATA[STEP10]]>
    </line>
    <line>
      <![CDATA[STEP11]]>
    </line>
    <line>
      <![CDATA[STEP12]]>
    </line>
    <line>
      <![CDATA[STEP13]]>
    </line>
    <line>
      <![CDATA[STEP14]]>
    </line>
    <line>
      <![CDATA[STEP15]]>
    </line>
    <line>
      <![CDATA[STEP16]]>
    </line>
    <line>
      <![CDATA[STEP17]]>
    </line>
    <line>
      <![CDATA[STEP18]]>
    </line>
    <line>
      <![CDATA[STEP19]]>
    </line>
    <line>
      <![CDATA[STEP20]]>
    </line>
    <line>
      <![CDATA[STEP21]]>
    </line>
    <line>
      <![CDATA[STEP22]]>
    </line>
    <line>
      <![CDATA[STEP23]]>
    </line>
    <line>
      <![CDATA[STEP24]]>
    </line>
    <line>
      <![CDATA[STEP25]]>
    </line>
    <line>
      <![CDATA[STEP26]]>
    </line>
    <line>
      <![CDATA[STEP27]]>
    </line>
    <line>
      <![CDATA[STEP28]]>
    </line>
    <line>
      <![CDATA[STEP29]]>
    </line>
    <line>
      <![CDATA[STEP30]]>
    </line>
    <line>
      <![CDATA[STEP31]]>
    </line>
    <line>
      <![CDATA[STEP32]]>
    </line>
    <line>
      <![CDATA[STEP33]]>
    </line>
    <line>
      <![CDATA[STEP34]]>
    </line>
    <line>
      <![CDATA[STEP35]]>
    </line>
    <line>
      <![CDATA[STEP36]]>
    </line>
    <line>
      <![CDATA[STEP37]]>
    </line>
    <line>
      <![CDATA[STEP38]]>
    </line>
    <line>
      <![CDATA[STEP39]]>
    </line>
  </reporter-output>
  <suite name="brcmbapp" duration-ms="499837" started-at="2017-05-12T06:45:56Z" finished-at="2017-05-12T06:54:16Z">
    <groups>
    </groups>
    <test name="Sanity Test cases" duration-ms="499837" started-at="2017-05-12T06:45:56Z" finished-at="2017-05-12T06:54:16Z">
      <class name="com.mb.brc.tests.launch">
        <test-method status="PASS" signature="LaunchApp()[pri:0, instance:com.mb.brc.tests.launch@3901d134]" name="LaunchApp" is-config="true" duration-ms="40490" started-at="2017-05-12T12:15:16Z" finished-at="2017-05-12T12:15:56Z">
          <reporter-output>
          </reporter-output>
        </test-method> <!-- LaunchApp -->
      </class> <!-- com.mb.brc.tests.launch -->
      <class name="com.mb.brc.tests.LoginAndRegistrationTest">
        <test-method status="PASS" signature="launcha()[pri:0, instance:com.mb.brc.tests.LoginAndRegistrationTest@14d3bc22]" name="launcha" is-config="true" duration-ms="46" started-at="2017-05-12T12:15:56Z" finished-at="2017-05-12T12:15:56Z">
          <reporter-output>
          </reporter-output>
        </test-method> <!-- launcha -->
        <test-method status="PASS" signature="interstialScreen()[pri:1, instance:com.mb.brc.tests.LoginAndRegistrationTest@14d3bc22]" name="interstialScreen" duration-ms="7018" started-at="2017-05-12T12:15:56Z" finished-at="2017-05-12T12:16:03Z">
          <reporter-output>
            <line>
              <![CDATA[STEP1]]>
            </line>
            <line>
              <![CDATA[STEP2]]>
            </line>
          </reporter-output>
        </test-method> <!-- interstialScreen -->
        <test-method status="PASS" signature="aftermethod()[pri:0, instance:com.mb.brc.tests.LoginAndRegistrationTest@14d3bc22]" name="aftermethod" is-config="true" duration-ms="3" started-at="2017-05-12T12:16:03Z" finished-at="2017-05-12T12:16:03Z">
          <reporter-output>
          </reporter-output>
        </test-method> <!-- aftermethod -->
        <test-method status="PASS" signature="launcha()[pri:0, instance:com.mb.brc.tests.LoginAndRegistrationTest@14d3bc22]" name="launcha" is-config="true" duration-ms="13" started-at="2017-05-12T12:16:03Z" finished-at="2017-05-12T12:16:03Z">
          <reporter-output>
          </reporter-output>
        </test-method> <!-- launcha -->
        <test-method status="PASS" signature="login()[pri:2, instance:com.mb.brc.tests.LoginAndRegistrationTest@14d3bc22]" name="login" duration-ms="38085" started-at="2017-05-12T12:16:03Z" finished-at="2017-05-12T12:16:41Z">
          <reporter-output>
            <line>
              <![CDATA[STEP3]]>
            </line>
            <line>
              <![CDATA[STEP4]]>
            </line>
            <line>
              <![CDATA[STEP5]]>
            </line>
            <line>
              <![CDATA[STEP6]]>
            </line>
            <line>
              <![CDATA[STEP7]]>
            </line>
            <line>
              <![CDATA[STEP8]]>
            </line>
            <line>
              <![CDATA[STEP9]]>
            </line>
            <line>
              <![CDATA[STEP10]]>
            </line>
            <line>
              <![CDATA[STEP11]]>
            </line>
          </reporter-output>
        </test-method> <!-- login -->
        <test-method status="PASS" signature="aftermethod()[pri:0, instance:com.mb.brc.tests.LoginAndRegistrationTest@14d3bc22]" name="aftermethod" is-config="true" duration-ms="1" started-at="2017-05-12T12:16:41Z" finished-at="2017-05-12T12:16:41Z">
          <reporter-output>
          </reporter-output>
        </test-method> <!-- aftermethod -->
        <test-method status="PASS" signature="launcha()[pri:0, instance:com.mb.brc.tests.LoginAndRegistrationTest@14d3bc22]" name="launcha" is-config="true" duration-ms="16" started-at="2017-05-12T12:16:41Z" finished-at="2017-05-12T12:16:41Z">
          <reporter-output>
          </reporter-output>
        </test-method> <!-- launcha -->
        <test-method status="PASS" signature="coachMark()[pri:4, instance:com.mb.brc.tests.LoginAndRegistrationTest@14d3bc22]" name="coachMark" duration-ms="9670" started-at="2017-05-12T12:16:41Z" finished-at="2017-05-12T12:16:51Z">
          <reporter-output>
            <line>
              <![CDATA[STEP12]]>
            </line>
            <line>
              <![CDATA[STEP13]]>
            </line>
          </reporter-output>
        </test-method> <!-- coachMark -->
        <test-method status="PASS" signature="aftermethod()[pri:0, instance:com.mb.brc.tests.LoginAndRegistrationTest@14d3bc22]" name="aftermethod" is-config="true" duration-ms="1" started-at="2017-05-12T12:16:51Z" finished-at="2017-05-12T12:16:51Z">
          <reporter-output>
          </reporter-output>
        </test-method> <!-- aftermethod -->
        <test-method status="PASS" signature="launcha()[pri:0, instance:com.mb.brc.tests.LoginAndRegistrationTest@14d3bc22]" name="launcha" is-config="true" duration-ms="17" started-at="2017-05-12T12:16:51Z" finished-at="2017-05-12T12:16:51Z">
          <reporter-output>
          </reporter-output>
        </test-method> <!-- launcha -->
        <test-method status="PASS" signature="Board()[pri:5, instance:com.mb.brc.tests.LoginAndRegistrationTest@14d3bc22]" name="Board" duration-ms="22479" started-at="2017-05-12T12:16:51Z" finished-at="2017-05-12T12:17:13Z">
          <reporter-output>
            <line>
              <![CDATA[STEP14]]>
            </line>
            <line>
              <![CDATA[STEP15]]>
            </line>
            <line>
              <![CDATA[STEP16]]>
            </line>
          </reporter-output>
        </test-method> <!-- Board -->
        <test-method status="PASS" signature="aftermethod()[pri:0, instance:com.mb.brc.tests.LoginAndRegistrationTest@14d3bc22]" name="aftermethod" is-config="true" duration-ms="1" started-at="2017-05-12T12:17:13Z" finished-at="2017-05-12T12:17:13Z">
          <reporter-output>
          </reporter-output>
        </test-method> <!-- aftermethod -->
        <test-method status="PASS" signature="launcha()[pri:0, instance:com.mb.brc.tests.LoginAndRegistrationTest@14d3bc22]" name="launcha" is-config="true" duration-ms="12" started-at="2017-05-12T12:17:13Z" finished-at="2017-05-12T12:17:14Z">
          <reporter-output>
          </reporter-output>
        </test-method> <!-- launcha -->
        <test-method status="PASS" signature="BoardContent()[pri:6, instance:com.mb.brc.tests.LoginAndRegistrationTest@14d3bc22]" name="BoardContent" duration-ms="66424" started-at="2017-05-12T12:17:14Z" finished-at="2017-05-12T12:18:20Z">
          <reporter-output>
            <line>
              <![CDATA[STEP17]]>
            </line>
            <line>
              <![CDATA[STEP18]]>
            </line>
            <line>
              <![CDATA[STEP19]]>
            </line>
            <line>
              <![CDATA[STEP20]]>
            </line>
            <line>
              <![CDATA[STEP21]]>
            </line>
            <line>
              <![CDATA[STEP22]]>
            </line>
            <line>
              <![CDATA[STEP23]]>
            </line>
          </reporter-output>
        </test-method> <!-- BoardContent -->
        <test-method status="PASS" signature="aftermethod()[pri:0, instance:com.mb.brc.tests.LoginAndRegistrationTest@14d3bc22]" name="aftermethod" is-config="true" duration-ms="1" started-at="2017-05-12T12:18:20Z" finished-at="2017-05-12T12:18:20Z">
          <reporter-output>
          </reporter-output>
        </test-method> <!-- aftermethod -->
        <test-method status="PASS" signature="launcha()[pri:0, instance:com.mb.brc.tests.LoginAndRegistrationTest@14d3bc22]" name="launcha" is-config="true" duration-ms="11" started-at="2017-05-12T12:18:20Z" finished-at="2017-05-12T12:18:20Z">
          <reporter-output>
          </reporter-output>
        </test-method> <!-- launcha -->
        <test-method status="FAIL" signature="PostPropertyRequirement()[pri:7, instance:com.mb.brc.tests.LoginAndRegistrationTest@14d3bc22]" name="PostPropertyRequirement" duration-ms="78666" started-at="2017-05-12T12:18:20Z" finished-at="2017-05-12T12:19:39Z">
          <exception class="atu.testng.reports.exceptions.ATUReporterStepFailedException">
            <full-stacktrace>
              <![CDATA[[ATU Custom Reporter Step Failed Exception]
	at atu.testng.reports.ATUReports.stepFailureHandler(Unknown Source)
	at atu.testng.reports.ATUReports.add(Unknown Source)
	at com.mb.brc.modules.PostPropertyRequirement.postProperty(PostPropertyRequirement.java:163)
	at com.mb.brc.tests.LoginAndRegistrationTest.PostPropertyRequirement(LoginAndRegistrationTest.java:177)
	at sun.reflect.NativeMethodAccessorImpl.invoke0(Native Method)
	at sun.reflect.NativeMethodAccessorImpl.invoke(Unknown Source)
	at sun.reflect.DelegatingMethodAccessorImpl.invoke(Unknown Source)
	at java.lang.reflect.Method.invoke(Unknown Source)
	at org.testng.internal.MethodInvocationHelper.invokeMethod(MethodInvocationHelper.java:108)
	at org.testng.internal.Invoker.invokeMethod(Invoker.java:661)
	at org.testng.internal.Invoker.invokeTestMethod(Invoker.java:869)
	at org.testng.internal.Invoker.invokeTestMethods(Invoker.java:1193)
	at org.testng.internal.TestMethodWorker.invokeTestMethods(TestMethodWorker.java:126)
	at org.testng.internal.TestMethodWorker.run(TestMethodWorker.java:109)
	at org.testng.TestRunner.privateRun(TestRunner.java:744)
	at org.testng.TestRunner.run(TestRunner.java:602)
	at org.testng.SuiteRunner.runTest(SuiteRunner.java:380)
	at org.testng.SuiteRunner.access$000(SuiteRunner.java:39)
	at org.testng.SuiteRunner$SuiteWorker.run(SuiteRunner.java:414)
	at org.testng.internal.thread.ThreadUtil$1.call(ThreadUtil.java:52)
	at java.util.concurrent.FutureTask.run(Unknown Source)
	at java.util.concurrent.ThreadPoolExecutor.runWorker(Unknown Source)
	at java.util.concurrent.ThreadPoolExecutor$Worker.run(Unknown Source)
	at java.lang.Thread.run(Unknown Source)
]]>
            </full-stacktrace>
          </exception> <!-- atu.testng.reports.exceptions.ATUReporterStepFailedException -->
          <reporter-output>
            <line>
              <![CDATA[STEP24]]>
            </line>
            <line>
              <![CDATA[STEP25]]>
            </line>
            <line>
              <![CDATA[STEP26]]>
            </line>
          </reporter-output>
        </test-method> <!-- PostPropertyRequirement -->
        <test-method status="PASS" signature="aftermethod()[pri:0, instance:com.mb.brc.tests.LoginAndRegistrationTest@14d3bc22]" name="aftermethod" is-config="true" duration-ms="1" started-at="2017-05-12T12:19:39Z" finished-at="2017-05-12T12:19:39Z">
          <reporter-output>
          </reporter-output>
        </test-method> <!-- aftermethod -->
        <test-method status="PASS" signature="launcha()[pri:0, instance:com.mb.brc.tests.LoginAndRegistrationTest@14d3bc22]" name="launcha" is-config="true" duration-ms="15" started-at="2017-05-12T12:19:39Z" finished-at="2017-05-12T12:19:39Z">
          <reporter-output>
          </reporter-output>
        </test-method> <!-- launcha -->
        <test-method status="PASS" signature="postRequirement()[pri:8, instance:com.mb.brc.tests.LoginAndRegistrationTest@14d3bc22]" name="postRequirement" duration-ms="51841" started-at="2017-05-12T12:19:39Z" finished-at="2017-05-12T12:20:30Z">
          <reporter-output>
            <line>
              <![CDATA[STEP27]]>
            </line>
            <line>
              <![CDATA[STEP28]]>
            </line>
          </reporter-output>
        </test-method> <!-- postRequirement -->
        <test-method status="PASS" signature="aftermethod()[pri:0, instance:com.mb.brc.tests.LoginAndRegistrationTest@14d3bc22]" name="aftermethod" is-config="true" duration-ms="0" started-at="2017-05-12T12:20:30Z" finished-at="2017-05-12T12:20:30Z">
          <reporter-output>
          </reporter-output>
        </test-method> <!-- aftermethod -->
        <test-method status="PASS" signature="launcha()[pri:0, instance:com.mb.brc.tests.LoginAndRegistrationTest@14d3bc22]" name="launcha" is-config="true" duration-ms="7" started-at="2017-05-12T12:20:30Z" finished-at="2017-05-12T12:20:30Z">
          <reporter-output>
          </reporter-output>
        </test-method> <!-- launcha -->
        <test-method status="FAIL" signature="postUpdate()[pri:9, instance:com.mb.brc.tests.LoginAndRegistrationTest@14d3bc22]" name="postUpdate" duration-ms="37816" started-at="2017-05-12T12:20:30Z" finished-at="2017-05-12T12:21:08Z">
          <exception class="atu.testng.reports.exceptions.ATUReporterStepFailedException">
            <full-stacktrace>
              <![CDATA[[ATU Custom Reporter Step Failed Exception]
	at atu.testng.reports.ATUReports.stepFailureHandler(Unknown Source)
	at atu.testng.reports.ATUReports.add(Unknown Source)
	at com.mb.brc.modules.PostPropertyRequirement.postUpdate(PostPropertyRequirement.java:247)
	at com.mb.brc.tests.LoginAndRegistrationTest.postUpdate(LoginAndRegistrationTest.java:199)
	at sun.reflect.NativeMethodAccessorImpl.invoke0(Native Method)
	at sun.reflect.NativeMethodAccessorImpl.invoke(Unknown Source)
	at sun.reflect.DelegatingMethodAccessorImpl.invoke(Unknown Source)
	at java.lang.reflect.Method.invoke(Unknown Source)
	at org.testng.internal.MethodInvocationHelper.invokeMethod(MethodInvocationHelper.java:108)
	at org.testng.internal.Invoker.invokeMethod(Invoker.java:661)
	at org.testng.internal.Invoker.invokeTestMethod(Invoker.java:869)
	at org.testng.internal.Invoker.invokeTestMethods(Invoker.java:1193)
	at org.testng.internal.TestMethodWorker.invokeTestMethods(TestMethodWorker.java:126)
	at org.testng.internal.TestMethodWorker.run(TestMethodWorker.java:109)
	at org.testng.TestRunner.privateRun(TestRunner.java:744)
	at org.testng.TestRunner.run(TestRunner.java:602)
	at org.testng.SuiteRunner.runTest(SuiteRunner.java:380)
	at org.testng.SuiteRunner.access$000(SuiteRunner.java:39)
	at org.testng.SuiteRunner$SuiteWorker.run(SuiteRunner.java:414)
	at org.testng.internal.thread.ThreadUtil$1.call(ThreadUtil.java:52)
	at java.util.concurrent.FutureTask.run(Unknown Source)
	at java.util.concurrent.ThreadPoolExecutor.runWorker(Unknown Source)
	at java.util.concurrent.ThreadPoolExecutor$Worker.run(Unknown Source)
	at java.lang.Thread.run(Unknown Source)
]]>
            </full-stacktrace>
          </exception> <!-- atu.testng.reports.exceptions.ATUReporterStepFailedException -->
          <reporter-output>
            <line>
              <![CDATA[STEP29]]>
            </line>
            <line>
              <![CDATA[STEP30]]>
            </line>
            <line>
              <![CDATA[STEP31]]>
            </line>
          </reporter-output>
        </test-method> <!-- postUpdate -->
        <test-method status="PASS" signature="aftermethod()[pri:0, instance:com.mb.brc.tests.LoginAndRegistrationTest@14d3bc22]" name="aftermethod" is-config="true" duration-ms="1" started-at="2017-05-12T12:21:08Z" finished-at="2017-05-12T12:21:08Z">
          <reporter-output>
          </reporter-output>
        </test-method> <!-- aftermethod -->
        <test-method status="PASS" signature="launcha()[pri:0, instance:com.mb.brc.tests.LoginAndRegistrationTest@14d3bc22]" name="launcha" is-config="true" duration-ms="13" started-at="2017-05-12T12:21:08Z" finished-at="2017-05-12T12:21:08Z">
          <reporter-output>
          </reporter-output>
        </test-method> <!-- launcha -->
        <test-method status="PASS" signature="exclusive()[pri:10, instance:com.mb.brc.tests.LoginAndRegistrationTest@14d3bc22]" name="exclusive" duration-ms="6309" started-at="2017-05-12T12:21:08Z" finished-at="2017-05-12T12:21:15Z">
          <reporter-output>
            <line>
              <![CDATA[STEP32]]>
            </line>
            <line>
              <![CDATA[STEP33]]>
            </line>
          </reporter-output>
        </test-method> <!-- exclusive -->
        <test-method status="PASS" signature="aftermethod()[pri:0, instance:com.mb.brc.tests.LoginAndRegistrationTest@14d3bc22]" name="aftermethod" is-config="true" duration-ms="9" started-at="2017-05-12T12:21:15Z" finished-at="2017-05-12T12:21:15Z">
          <reporter-output>
          </reporter-output>
        </test-method> <!-- aftermethod -->
        <test-method status="PASS" signature="launcha()[pri:0, instance:com.mb.brc.tests.LoginAndRegistrationTest@14d3bc22]" name="launcha" is-config="true" duration-ms="11" started-at="2017-05-12T12:21:15Z" finished-at="2017-05-12T12:21:15Z">
          <reporter-output>
          </reporter-output>
        </test-method> <!-- launcha -->
        <test-method status="PASS" signature="shorlist()[pri:11, instance:com.mb.brc.tests.LoginAndRegistrationTest@14d3bc22]" name="shorlist" duration-ms="15273" started-at="2017-05-12T12:21:15Z" finished-at="2017-05-12T12:21:30Z">
          <reporter-output>
            <line>
              <![CDATA[STEP34]]>
            </line>
            <line>
              <![CDATA[STEP35]]>
            </line>
          </reporter-output>
        </test-method> <!-- shorlist -->
        <test-method status="PASS" signature="aftermethod()[pri:0, instance:com.mb.brc.tests.LoginAndRegistrationTest@14d3bc22]" name="aftermethod" is-config="true" duration-ms="1" started-at="2017-05-12T12:21:30Z" finished-at="2017-05-12T12:21:30Z">
          <reporter-output>
          </reporter-output>
        </test-method> <!-- aftermethod -->
        <test-method status="PASS" signature="launcha()[pri:0, instance:com.mb.brc.tests.LoginAndRegistrationTest@14d3bc22]" name="launcha" is-config="true" duration-ms="16" started-at="2017-05-12T12:21:30Z" finished-at="2017-05-12T12:21:30Z">
          <reporter-output>
          </reporter-output>
        </test-method> <!-- launcha -->
        <test-method status="PASS" signature="MyPost()[pri:12, instance:com.mb.brc.tests.LoginAndRegistrationTest@14d3bc22]" name="MyPost" duration-ms="27483" started-at="2017-05-12T12:21:30Z" finished-at="2017-05-12T12:21:57Z">
          <reporter-output>
            <line>
              <![CDATA[STEP36]]>
            </line>
            <line>
              <![CDATA[STEP37]]>
            </line>
          </reporter-output>
        </test-method> <!-- MyPost -->
        <test-method status="PASS" signature="aftermethod()[pri:0, instance:com.mb.brc.tests.LoginAndRegistrationTest@14d3bc22]" name="aftermethod" is-config="true" duration-ms="1" started-at="2017-05-12T12:21:57Z" finished-at="2017-05-12T12:21:57Z">
          <reporter-output>
          </reporter-output>
        </test-method> <!-- aftermethod -->
        <test-method status="PASS" signature="launcha()[pri:0, instance:com.mb.brc.tests.LoginAndRegistrationTest@14d3bc22]" name="launcha" is-config="true" duration-ms="7" started-at="2017-05-12T12:21:57Z" finished-at="2017-05-12T12:21:57Z">
          <reporter-output>
          </reporter-output>
        </test-method> <!-- launcha -->
        <test-method status="PASS" signature="MyPostContent()[pri:13, instance:com.mb.brc.tests.LoginAndRegistrationTest@14d3bc22]" name="MyPostContent" duration-ms="138469" started-at="2017-05-12T12:21:57Z" finished-at="2017-05-12T12:24:16Z">
          <reporter-output>
            <line>
              <![CDATA[STEP38]]>
            </line>
            <line>
              <![CDATA[STEP39]]>
            </line>
          </reporter-output>
        </test-method> <!-- MyPostContent -->
        <test-method status="PASS" signature="aftermethod()[pri:0, instance:com.mb.brc.tests.LoginAndRegistrationTest@14d3bc22]" name="aftermethod" is-config="true" duration-ms="1" started-at="2017-05-12T12:24:16Z" finished-at="2017-05-12T12:24:16Z">
          <reporter-output>
          </reporter-output>
        </test-method> <!-- aftermethod -->
      </class> <!-- com.mb.brc.tests.LoginAndRegistrationTest -->
    </test> <!-- Sanity Test cases -->
  </suite> <!-- brcmbapp -->
</testng-results>
